2024-10-01 14:08:27,967 : ERROR - Exception...
2024-10-01 14:08:49,553 : ERROR - Exception...
2024-10-01 14:12:17,239 : INFO - Successful!
2024-10-01 14:12:23,423 : INFO - Successful!
2024-10-01 14:46:04,393 : INFO - Attempting to get joke content...
2024-10-01 14:46:05,032 : INFO - Successful!
2024-10-01 14:46:05,032 : INFO - Preparing to send joke via gmail...
2024-10-01 15:09:01,211 : INFO - Retrieving login credentials...
2024-10-01 15:09:01,211 : INFO - Attempting to get joke content...
2024-10-01 15:09:01,818 : INFO - Successful!
2024-10-01 15:09:01,818 : INFO - Preparing to send joke via gmail...
2024-10-01 15:09:03,752 : CRITICAL - Authentication Failure: Check your json configuration
2024-10-01 15:09:56,534 : INFO - Retrieving login credentials...
2024-10-01 15:09:56,537 : INFO - Attempting to get joke content...
2024-10-01 15:09:57,134 : INFO - Successful!
2024-10-01 15:09:57,135 : INFO - Preparing to send joke via gmail...
2024-10-01 15:09:57,135 : INFO - Attempting to connect to gmail...
2024-10-01 15:09:58,976 : CRITICAL - Authentication Failure: Check your json configuration
2024-10-01 15:12:58,432 : INFO - Retrieving login credentials...
2024-10-01 15:12:58,432 : INFO - Attempting to get joke content...
2024-10-01 15:12:59,038 : INFO - Successfully Retrieved Joke
2024-10-01 15:12:59,038 : INFO - Preparing to send joke via gmail...
2024-10-01 15:12:59,038 : INFO - Attempting to connect to gmail...
2024-10-01 15:13:00,880 : CRITICAL - Authentication Failure: Check your json configuration
2024-10-01 15:13:00,880 : INFO - Message was successfully sent!
2024-10-01 15:13:29,936 : INFO - Retrieving login credentials...
2024-10-01 15:13:29,936 : INFO - Attempting to get joke content...
2024-10-01 15:13:30,531 : INFO - Successfully Retrieved Joke
2024-10-01 15:13:30,531 : INFO - Preparing to send joke via gmail...
2024-10-01 15:13:30,532 : INFO - Attempting to connect to gmail...
2024-10-01 15:13:32,406 : CRITICAL - Authentication Failure: Check your json configuration
2024-10-01 15:15:05,621 : INFO - Retrieving login credentials...
2024-10-01 15:15:05,621 : INFO - =============== get_joke() ===============
2024-10-01 15:15:05,621 : INFO - Attempting to get joke content...
2024-10-01 15:15:06,241 : INFO - Successfully Retrieved Joke
2024-10-01 15:15:06,241 : INFO - =============== send_email() ===============
2024-10-01 15:15:06,241 : INFO - Preparing to send joke via gmail...
2024-10-01 15:15:06,242 : INFO - Attempting to connect to gmail...
2024-10-01 15:15:08,110 : CRITICAL - Authentication Failure: Check your json configuration
2024-10-01 15:16:49,394 : INFO - =============== Send_Email.py ===============

2024-10-01 15:16:49,394 : INFO - Retrieving login credentials...
2024-10-01 15:16:49,394 : INFO - =============== get_joke() ===============
2024-10-01 15:16:49,394 : INFO - Attempting to get joke content...
2024-10-01 15:16:49,972 : INFO - Successfully Retrieved Joke
2024-10-01 15:16:49,972 : INFO - =============== send_email() ===============
2024-10-01 15:16:49,972 : INFO - Attempting to connect to gmail...
2024-10-01 15:16:51,824 : CRITICAL - Authentication Failure: Check your json configuration
2024-10-01 15:17:40,965 : INFO - =============== Joke Email ===============

2024-10-01 15:17:40,966 : INFO - Retrieving login credentials...
2024-10-01 15:17:40,966 : INFO - =============== Joke API ===============
2024-10-01 15:17:40,966 : INFO - Attempting to get joke content...
2024-10-01 15:17:41,563 : INFO - Successfully Retrieved Joke
2024-10-01 15:17:41,563 : INFO - =============== Email ===============
2024-10-01 15:17:41,563 : INFO - Attempting to connect to gmail...
2024-10-01 15:17:43,752 : INFO - Message was successfully sent!
